<?xml version="1.0" encoding="UTF-8"?>
<!-- Generated by org.testng.reporters.JUnitReportReporter -->
<testsuite hostname="HIJ-LP320" failures="0" tests="4" name="testingWorldTestCases.LoginTest" time="30.985" errors="0" timestamp="2024-12-25T20:34:06 IST" skipped="0">
  <testcase classname="testingWorldTestCases.LoginTest" name="validatingInvalidLogin" time="7.396"/>
  <system-out/>
  <testcase classname="testingWorldTestCases.LoginTest" name="validatingValidLogin" time="8.687"/>
  <system-out/>
  <testcase classname="testingWorldTestCases.LoginTest" name="validatingValidLogin" time="5.536"/>
  <system-out/>
  <testcase classname="testingWorldTestCases.LoginTest" name="validatingValidLogin" time="9.366"/>
  <system-out/>
</testsuite> <!-- testingWorldTestCases.LoginTest -->
